Entering Main JFrame	userinterface.MainJFrame
Entering Main JFrame	userinterface.MainJFrame
Logged in User RoleBusiness.Role.SystemAdminRole
user creating networkuserinterface.SystemAdminWorkArea.SystemAdminWorkAreaJPanel
Sysadmin Creating Networkuserinterface.SystemAdminWorkArea.ManageNetworkJPanel
Name of network Created:	USA
user creating enterpirseuserinterface.SystemAdminWorkArea.SystemAdminWorkAreaJPanel
name of the Enterpise is: 	wpname of Network in which the enterprise is: 	USA	userinterface.SystemAdminWorkArea.ManageEnterpriseJPanel
user creating enterpirseuserinterface.SystemAdminWorkArea.SystemAdminWorkAreaJPanel
user adding enterpirse adminsuserinterface.SystemAdminWorkArea.SystemAdminWorkAreaJPanel
Entering Main JFrame	userinterface.MainJFrame
Logged in User RoleBusiness.Role.SystemAdminRole
user creating networkuserinterface.SystemAdminWorkArea.SystemAdminWorkAreaJPanel
Sysadmin Creating Networkuserinterface.SystemAdminWorkArea.ManageNetworkJPanel
Name of network Created:	usa
user creating enterpirseuserinterface.SystemAdminWorkArea.SystemAdminWorkAreaJPanel
name of the Enterpise is: 	wpname of Network in which the enterprise is: 	usa	userinterface.SystemAdminWorkArea.ManageEnterpriseJPanel
user adding enterpirse adminsuserinterface.SystemAdminWorkArea.SystemAdminWorkAreaJPanel
system admin creating enterprise admin	userinterface.SystemAdminWorkArea.ManageEnterpriseAdminJPanel
name of the USER is: 	wpname of the enterprise is: 	wpname of network is	usa	userinterface.SystemAdminWorkArea.ManageEnterpriseAdminJPanel
Logged in User RoleBusiness.Role.AdminRole
Enterprise admin creating Organization 	userinterface.AdministrativeRole.AdminWorkAreaJpanel
Enterprise admin adding Employee 	userinterface.AdministrativeRole.AdminWorkAreaJpanel
Enterprise admin adding following employee 	userin following Organization 	WellnessPlatform	userinterface.AdministrativeRole.ManageEmployeeJpanel
Enterprise admin adding users 	userinterface.AdministrativeRole.AdminWorkAreaJpanel
Enterprise admin creating user with name 	userRoleBusiness.Role.UserRoleIn OrganizationWellnessPlatform	userinterface.AdministrativeRole.ManageUserAccountJpanel
Current Enterprise	wp
Current Organization	WellnessPlatform
Current Network	usa
Logged in User RoleBusiness.Role.UserRole
Logged in User RoleBusiness.Role.SystemAdminRole
user creating enterpirseuserinterface.SystemAdminWorkArea.SystemAdminWorkAreaJPanel
name of the Enterpise is: 	conname of Network in which the enterprise is: 	usa	userinterface.SystemAdminWorkArea.ManageEnterpriseJPanel
user creating enterpirseuserinterface.SystemAdminWorkArea.SystemAdminWorkAreaJPanel
user adding enterpirse adminsuserinterface.SystemAdminWorkArea.SystemAdminWorkAreaJPanel
system admin creating enterprise admin	userinterface.SystemAdminWorkArea.ManageEnterpriseAdminJPanel
name of the USER is: 	conname of the enterprise is: 	conname of network is	usa	userinterface.SystemAdminWorkArea.ManageEnterpriseAdminJPanel
Logged in User RoleBusiness.Role.AdminRole
Enterprise admin creating Organization 	userinterface.AdministrativeRole.AdminWorkAreaJpanel
Enterprise admin adding Employee 	userinterface.AdministrativeRole.AdminWorkAreaJpanel
Enterprise admin adding following employee 	hconin following Organization 	Health Consultation Organisation	userinterface.AdministrativeRole.ManageEmployeeJpanel
Enterprise admin adding following employee 	fconin following Organization 	Fitness Consultation Organisation	userinterface.AdministrativeRole.ManageEmployeeJpanel
Enterprise admin adding following employee 	nconin following Organization 	Nutrition Consultation Organisation	userinterface.AdministrativeRole.ManageEmployeeJpanel
Enterprise admin adding users 	userinterface.AdministrativeRole.AdminWorkAreaJpanel
Enterprise admin creating user with name 	hconRoleBusiness.Role.HealthConsultantRoleIn OrganizationHealth Consultation Organisation	userinterface.AdministrativeRole.ManageUserAccountJpanel
Enterprise admin creating user with name 	fconRoleBusiness.Role.FitnessConsultantRoleIn OrganizationFitness Consultation Organisation	userinterface.AdministrativeRole.ManageUserAccountJpanel
Enterprise admin creating user with name 	nconRoleBusiness.Role.NutritionConsultantRoleIn OrganizationNutrition Consultation Organisation	userinterface.AdministrativeRole.ManageUserAccountJpanel
Logged in User RoleBusiness.Role.SystemAdminRole
user creating enterpirseuserinterface.SystemAdminWorkArea.SystemAdminWorkAreaJPanel
name of the Enterpise is: 	manuname of Network in which the enterprise is: 	usa	userinterface.SystemAdminWorkArea.ManageEnterpriseJPanel
user adding enterpirse adminsuserinterface.SystemAdminWorkArea.SystemAdminWorkAreaJPanel
system admin creating enterprise admin	userinterface.SystemAdminWorkArea.ManageEnterpriseAdminJPanel
name of the USER is: 	manuname of the enterprise is: 	manuname of network is	usa	userinterface.SystemAdminWorkArea.ManageEnterpriseAdminJPanel
user adding enterpirse adminsuserinterface.SystemAdminWorkArea.SystemAdminWorkAreaJPanel
Logged in User RoleBusiness.Role.AdminRole
Enterprise admin creating Organization 	userinterface.AdministrativeRole.AdminWorkAreaJpanel
Enterprise admin adding Employee 	userinterface.AdministrativeRole.AdminWorkAreaJpanel
Enterprise admin adding following employee 	mmanuin following Organization 	Manufacturing Organisation	userinterface.AdministrativeRole.ManageEmployeeJpanel
Enterprise admin adding users 	userinterface.AdministrativeRole.AdminWorkAreaJpanel
Enterprise admin creating user with name 	mmanuRoleBusiness.Role.ManufacturerRoleIn OrganizationManufacturing Organisation	userinterface.AdministrativeRole.ManageUserAccountJpanel
Logged in User RoleBusiness.Role.SystemAdminRole
user creating enterpirseuserinterface.SystemAdminWorkArea.SystemAdminWorkAreaJPanel
name of the Enterpise is: 	ecomname of Network in which the enterprise is: 	usa	userinterface.SystemAdminWorkArea.ManageEnterpriseJPanel
user adding enterpirse adminsuserinterface.SystemAdminWorkArea.SystemAdminWorkAreaJPanel
system admin creating enterprise admin	userinterface.SystemAdminWorkArea.ManageEnterpriseAdminJPanel
name of the USER is: 	ecomname of the enterprise is: 	ecomname of network is	usa	userinterface.SystemAdminWorkArea.ManageEnterpriseAdminJPanel
Logged in User RoleBusiness.Role.SystemAdminRole
user creating enterpirseuserinterface.SystemAdminWorkArea.SystemAdminWorkAreaJPanel
Logged in User RoleBusiness.Role.AdminRole
Enterprise admin creating Organization 	userinterface.AdministrativeRole.AdminWorkAreaJpanel
Enterprise admin adding Employee 	userinterface.AdministrativeRole.AdminWorkAreaJpanel
Enterprise admin adding following employee 	recomin following Organization 	Restaurant Organisation	userinterface.AdministrativeRole.ManageEmployeeJpanel
Enterprise admin adding following employee 	pecomin following Organization 	Pharma Organisation	userinterface.AdministrativeRole.ManageEmployeeJpanel
Enterprise admin adding following employee 	secomin following Organization 	Supplement Organisation	userinterface.AdministrativeRole.ManageEmployeeJpanel
Enterprise admin adding users 	userinterface.AdministrativeRole.AdminWorkAreaJpanel
Enterprise admin creating user with name 	recomRoleBusiness.Role.UserRoleIn OrganizationRestaurant Organisation	userinterface.AdministrativeRole.ManageUserAccountJpanel
Enterprise admin creating user with name 	pecomRoleBusiness.Role.PharmacistRoleIn OrganizationPharma Organisation	userinterface.AdministrativeRole.ManageUserAccountJpanel
Enterprise admin creating user with name 	secomRoleBusiness.Role.SupplementManagerRoleIn OrganizationSupplement Organisation	userinterface.AdministrativeRole.ManageUserAccountJpanel
Current Enterprise	wp
Current Organization	WellnessPlatform
Current Network	usa
Logged in User RoleBusiness.Role.UserRole
Current Enterprise	con
Current Organization	Fitness Consultation Organisation
Current Network	usa
Logged in User RoleBusiness.Role.FitnessConsultantRole
Invalid credentials for user
Current Enterprise	con
Current Organization	Fitness Consultation Organisation
Current Network	usa
Logged in User RoleBusiness.Role.FitnessConsultantRole
Entering Main JFrame	userinterface.MainJFrame
Current Enterprise	con
Current Organization	Fitness Consultation Organisation
Current Network	usa
Logged in User RoleBusiness.Role.FitnessConsultantRole
Entering Main JFrame	userinterface.MainJFrame
Current Enterprise	con
Current Organization	Fitness Consultation Organisation
Current Network	usa
Logged in User RoleBusiness.Role.FitnessConsultantRole
Entering Main JFrame	userinterface.MainJFrame
Current Enterprise	con
Current Organization	Fitness Consultation Organisation
Current Network	usa
Logged in User RoleBusiness.Role.FitnessConsultantRole
Entering Main JFrame	userinterface.MainJFrame
Current Enterprise	con
Current Organization	Fitness Consultation Organisation
Current Network	usa
Logged in User RoleBusiness.Role.FitnessConsultantRole
Current Enterprise	ecom
Current Organization	Supplement Organisation
Current Network	usa
Logged in User RoleBusiness.Role.SupplementManagerRole
Entering Main JFrame	userinterface.MainJFrame
Invalid credentials for user
Current Enterprise	ecom
Current Organization	Supplement Organisation
Current Network	usa
Logged in User RoleBusiness.Role.SupplementManagerRole
Current Enterprise	ecom
Current Organization	Restaurant Organisation
Current Network	usa
Logged in User RoleBusiness.Role.UserRole
Invalid credentials for user
Current Enterprise	ecom
Current Organization	Supplement Organisation
Current Network	usa
Logged in User RoleBusiness.Role.SupplementManagerRole
Current Enterprise	ecom
Current Organization	Supplement Organisation
Current Network	usa
Logged in User RoleBusiness.Role.SupplementManagerRole
Entering Main JFrame	userinterface.MainJFrame
Current Enterprise	ecom
Current Organization	Supplement Organisation
Current Network	usa
Logged in User RoleBusiness.Role.SupplementManagerRole
Entering Main JFrame	userinterface.MainJFrame
Current Enterprise	wp
Current Organization	WellnessPlatform
Current Network	usa
Logged in User RoleBusiness.Role.UserRole
Current Enterprise	con
Current Organization	Fitness Consultation Organisation
Current Network	usa
Logged in User RoleBusiness.Role.FitnessConsultantRole
Current Enterprise	ecom
Current Organization	Supplement Organisation
Current Network	usa
Logged in User RoleBusiness.Role.SupplementManagerRole
Entering Main JFrame	userinterface.MainJFrame
Logged in User RoleBusiness.Role.SystemAdminRole
user creating networkuserinterface.SystemAdminWorkArea.SystemAdminWorkAreaJPanel
Sysadmin Creating Networkuserinterface.SystemAdminWorkArea.ManageNetworkJPanel
Name of network Created:	usa
user creating enterpirseuserinterface.SystemAdminWorkArea.SystemAdminWorkAreaJPanel
name of the Enterpise is: 	conname of Network in which the enterprise is: 	usa	userinterface.SystemAdminWorkArea.ManageEnterpriseJPanel
user adding enterpirse adminsuserinterface.SystemAdminWorkArea.SystemAdminWorkAreaJPanel
system admin creating enterprise admin	userinterface.SystemAdminWorkArea.ManageEnterpriseAdminJPanel
name of the USER is: 	conname of the enterprise is: 	conname of network is	usa	userinterface.SystemAdminWorkArea.ManageEnterpriseAdminJPanel
Logged in User RoleBusiness.Role.AdminRole
Enterprise admin creating Organization 	userinterface.AdministrativeRole.AdminWorkAreaJpanel
Enterprise admin adding Employee 	userinterface.AdministrativeRole.AdminWorkAreaJpanel
Enterprise admin adding following employee 	hconin following Organization 	Health Consultation Organisation	userinterface.AdministrativeRole.ManageEmployeeJpanel
Enterprise admin adding following employee 	fconin following Organization 	Fitness Consultation Organisation	userinterface.AdministrativeRole.ManageEmployeeJpanel
Enterprise admin adding following employee 	nconin following Organization 	Nutrition Consultation Organisation	userinterface.AdministrativeRole.ManageEmployeeJpanel
Invalid credentials for user
Invalid credentials for user
Logged in User RoleBusiness.Role.AdminRole
Enterprise admin adding Employee 	userinterface.AdministrativeRole.AdminWorkAreaJpanel
Enterprise admin adding users 	userinterface.AdministrativeRole.AdminWorkAreaJpanel
Enterprise admin creating user with name 	hconRoleBusiness.Role.HealthConsultantRoleIn OrganizationHealth Consultation Organisation	userinterface.AdministrativeRole.ManageUserAccountJpanel
Enterprise admin creating user with name 	fconRoleBusiness.Role.FitnessConsultantRoleIn OrganizationFitness Consultation Organisation	userinterface.AdministrativeRole.ManageUserAccountJpanel
Enterprise admin creating user with name 	nconRoleBusiness.Role.NutritionConsultantRoleIn OrganizationNutrition Consultation Organisation	userinterface.AdministrativeRole.ManageUserAccountJpanel
Current Enterprise	con
Current Organization	Fitness Consultation Organisation
Current Network	usa
Logged in User RoleBusiness.Role.FitnessConsultantRole
Logged in User RoleBusiness.Role.SystemAdminRole
user creating networkuserinterface.SystemAdminWorkArea.SystemAdminWorkAreaJPanel
user creating enterpirseuserinterface.SystemAdminWorkArea.SystemAdminWorkAreaJPanel
name of the Enterpise is: 	wpname of Network in which the enterprise is: 	usa	userinterface.SystemAdminWorkArea.ManageEnterpriseJPanel
user creating enterpirseuserinterface.SystemAdminWorkArea.SystemAdminWorkAreaJPanel
user adding enterpirse adminsuserinterface.SystemAdminWorkArea.SystemAdminWorkAreaJPanel
system admin creating enterprise admin	userinterface.SystemAdminWorkArea.ManageEnterpriseAdminJPanel
name of the USER is: 	wpname of the enterprise is: 	wpname of network is	usa	userinterface.SystemAdminWorkArea.ManageEnterpriseAdminJPanel
Logged in User RoleBusiness.Role.AdminRole
Enterprise admin creating Organization 	userinterface.AdministrativeRole.AdminWorkAreaJpanel
Enterprise admin adding Employee 	userinterface.AdministrativeRole.AdminWorkAreaJpanel
Enterprise admin adding following employee 	userin following Organization 	WellnessPlatform	userinterface.AdministrativeRole.ManageEmployeeJpanel
Enterprise admin adding users 	userinterface.AdministrativeRole.AdminWorkAreaJpanel
Enterprise admin creating user with name 	userRoleBusiness.Role.UserRoleIn OrganizationWellnessPlatform	userinterface.AdministrativeRole.ManageUserAccountJpanel
Logged in User RoleBusiness.Role.SystemAdminRole
user creating enterpirseuserinterface.SystemAdminWorkArea.SystemAdminWorkAreaJPanel
name of the Enterpise is: 	manuname of Network in which the enterprise is: 	usa	userinterface.SystemAdminWorkArea.ManageEnterpriseJPanel
user adding enterpirse adminsuserinterface.SystemAdminWorkArea.SystemAdminWorkAreaJPanel
system admin creating enterprise admin	userinterface.SystemAdminWorkArea.ManageEnterpriseAdminJPanel
name of the USER is: 	manuname of the enterprise is: 	manuname of network is	usa	userinterface.SystemAdminWorkArea.ManageEnterpriseAdminJPanel
user creating enterpirseuserinterface.SystemAdminWorkArea.SystemAdminWorkAreaJPanel
name of the Enterpise is: 	ecomname of Network in which the enterprise is: 	usa	userinterface.SystemAdminWorkArea.ManageEnterpriseJPanel
user adding enterpirse adminsuserinterface.SystemAdminWorkArea.SystemAdminWorkAreaJPanel
system admin creating enterprise admin	userinterface.SystemAdminWorkArea.ManageEnterpriseAdminJPanel
name of the USER is: 	ecomname of the enterprise is: 	ecomname of network is	usa	userinterface.SystemAdminWorkArea.ManageEnterpriseAdminJPanel
Logged in User RoleBusiness.Role.AdminRole
Enterprise admin creating Organization 	userinterface.AdministrativeRole.AdminWorkAreaJpanel
Enterprise admin adding Employee 	userinterface.AdministrativeRole.AdminWorkAreaJpanel
Enterprise admin adding following employee 	recomin following Organization 	Restaurant Organisation	userinterface.AdministrativeRole.ManageEmployeeJpanel
Enterprise admin adding following employee 	pecomin following Organization 	Pharma Organisation	userinterface.AdministrativeRole.ManageEmployeeJpanel
Enterprise admin adding following employee 	secomin following Organization 	Supplement Organisation	userinterface.AdministrativeRole.ManageEmployeeJpanel
Logged in User RoleBusiness.Role.AdminRole
Enterprise admin creating Organization 	userinterface.AdministrativeRole.AdminWorkAreaJpanel
Enterprise admin adding users 	userinterface.AdministrativeRole.AdminWorkAreaJpanel
Enterprise admin creating user with name 	recomRoleBusiness.Role.UserRoleIn OrganizationRestaurant Organisation	userinterface.AdministrativeRole.ManageUserAccountJpanel
Enterprise admin creating user with name 	pecomRoleBusiness.Role.PharmacistRoleIn OrganizationPharma Organisation	userinterface.AdministrativeRole.ManageUserAccountJpanel
Enterprise admin creating user with name 	secomRoleBusiness.Role.SupplementManagerRoleIn OrganizationSupplement Organisation	userinterface.AdministrativeRole.ManageUserAccountJpanel
Current Enterprise	wp
Current Organization	WellnessPlatform
Current Network	usa
Logged in User RoleBusiness.Role.UserRole
Current Enterprise	con
Current Organization	Fitness Consultation Organisation
Current Network	usa
Logged in User RoleBusiness.Role.FitnessConsultantRole
Current Enterprise	con
Current Organization	Health Consultation Organisation
Current Network	usa
Logged in User RoleBusiness.Role.HealthConsultantRole
Current Enterprise	ecom
Current Organization	Pharma Organisation
Current Network	usa
Logged in User RoleBusiness.Role.PharmacistRole
Invalid credentials for user
Logged in User RoleBusiness.Role.AdminRole
Enterprise admin creating Organization 	userinterface.AdministrativeRole.AdminWorkAreaJpanel
Enterprise admin adding Employee 	userinterface.AdministrativeRole.AdminWorkAreaJpanel
Enterprise admin adding following employee 	mmanuin following Organization 	Manufacturing Organisation	userinterface.AdministrativeRole.ManageEmployeeJpanel
Enterprise admin adding Employee 	userinterface.AdministrativeRole.AdminWorkAreaJpanel
Enterprise admin adding users 	userinterface.AdministrativeRole.AdminWorkAreaJpanel
Enterprise admin creating user with name 	mmanuRoleBusiness.Role.ManufacturerRoleIn OrganizationManufacturing Organisation	userinterface.AdministrativeRole.ManageUserAccountJpanel
Current Enterprise	ecom
Current Organization	Pharma Organisation
Current Network	usa
Logged in User RoleBusiness.Role.PharmacistRole
Current Enterprise	manu
Current Organization	Manufacturing Organisation
Current Network	usa
Logged in User RoleBusiness.Role.ManufacturerRole
Current Enterprise	wp
Current Organization	WellnessPlatform
Current Network	usa
Logged in User RoleBusiness.Role.UserRole
Current Enterprise	wp
Current Organization	WellnessPlatform
Current Network	usa
Logged in User RoleBusiness.Role.UserRole
Current Enterprise	con
Current Organization	Fitness Consultation Organisation
Current Network	usa
Logged in User RoleBusiness.Role.FitnessConsultantRole
Logged in User RoleBusiness.Role.AdminRole
Enterprise admin adding Employee 	userinterface.AdministrativeRole.AdminWorkAreaJpanel
Current Enterprise	con
Current Organization	Fitness Consultation Organisation
Current Network	usa
Logged in User RoleBusiness.Role.FitnessConsultantRole
Current Enterprise	ecom
Current Organization	Supplement Organisation
Current Network	usa
Logged in User RoleBusiness.Role.SupplementManagerRole
Current Enterprise	wp
Current Organization	WellnessPlatform
Current Network	usa
Logged in User RoleBusiness.Role.UserRole
Current Enterprise	con
Current Organization	Fitness Consultation Organisation
Current Network	usa
Logged in User RoleBusiness.Role.FitnessConsultantRole
Logged in User RoleBusiness.Role.SystemAdminRole
user creating enterpirseuserinterface.SystemAdminWorkArea.SystemAdminWorkAreaJPanel
user creating enterpirseuserinterface.SystemAdminWorkArea.SystemAdminWorkAreaJPanel
user adding enterpirse adminsuserinterface.SystemAdminWorkArea.SystemAdminWorkAreaJPanel
Logged in User RoleBusiness.Role.SystemAdminRole
Current Enterprise	ecom
Current Organization	Supplement Organisation
Current Network	usa
Logged in User RoleBusiness.Role.SupplementManagerRole
Entering Main JFrame	userinterface.MainJFrame
Logged in User RoleBusiness.Role.SystemAdminRole
user creating networkuserinterface.SystemAdminWorkArea.SystemAdminWorkAreaJPanel
Sysadmin Creating Networkuserinterface.SystemAdminWorkArea.ManageNetworkJPanel
Name of network Created:	usa
user creating enterpirseuserinterface.SystemAdminWorkArea.SystemAdminWorkAreaJPanel
name of the Enterpise is: 	conname of Network in which the enterprise is: 	usa	userinterface.SystemAdminWorkArea.ManageEnterpriseJPanel
name of the Enterpise is: 	wpname of Network in which the enterprise is: 	usa	userinterface.SystemAdminWorkArea.ManageEnterpriseJPanel
name of the Enterpise is: 	manuname of Network in which the enterprise is: 	usa	userinterface.SystemAdminWorkArea.ManageEnterpriseJPanel
name of the Enterpise is: 	ecomname of Network in which the enterprise is: 	usa	userinterface.SystemAdminWorkArea.ManageEnterpriseJPanel
user adding enterpirse adminsuserinterface.SystemAdminWorkArea.SystemAdminWorkAreaJPanel
system admin creating enterprise admin	userinterface.SystemAdminWorkArea.ManageEnterpriseAdminJPanel
name of the USER is: 	conname of the enterprise is: 	conname of network is	usa	userinterface.SystemAdminWorkArea.ManageEnterpriseAdminJPanel
system admin creating enterprise admin	userinterface.SystemAdminWorkArea.ManageEnterpriseAdminJPanel
name of the USER is: 	wpname of the enterprise is: 	wpname of network is	usa	userinterface.SystemAdminWorkArea.ManageEnterpriseAdminJPanel
system admin creating enterprise admin	userinterface.SystemAdminWorkArea.ManageEnterpriseAdminJPanel
name of the USER is: 	manuname of the enterprise is: 	manuname of network is	usa	userinterface.SystemAdminWorkArea.ManageEnterpriseAdminJPanel
system admin creating enterprise admin	userinterface.SystemAdminWorkArea.ManageEnterpriseAdminJPanel
name of the USER is: 	ecomname of the enterprise is: 	ecomname of network is	usa	userinterface.SystemAdminWorkArea.ManageEnterpriseAdminJPanel
Logged in User RoleBusiness.Role.AdminRole
Enterprise admin creating Organization 	userinterface.AdministrativeRole.AdminWorkAreaJpanel
Enterprise admin adding Employee 	userinterface.AdministrativeRole.AdminWorkAreaJpanel
Enterprise admin adding following employee 	userin following Organization 	WellnessPlatform	userinterface.AdministrativeRole.ManageEmployeeJpanel
Enterprise admin adding Employee 	userinterface.AdministrativeRole.AdminWorkAreaJpanel
Enterprise admin adding users 	userinterface.AdministrativeRole.AdminWorkAreaJpanel
Enterprise admin creating user with name 	userRoleBusiness.Role.UserRoleIn OrganizationWellnessPlatform	userinterface.AdministrativeRole.ManageUserAccountJpanel
Logged in User RoleBusiness.Role.AdminRole
Enterprise admin creating Organization 	userinterface.AdministrativeRole.AdminWorkAreaJpanel
Enterprise admin adding Employee 	userinterface.AdministrativeRole.AdminWorkAreaJpanel
Enterprise admin adding following employee 	mmanuin following Organization 	Manufacturing Organisation	userinterface.AdministrativeRole.ManageEmployeeJpanel
Enterprise admin adding users 	userinterface.AdministrativeRole.AdminWorkAreaJpanel
Enterprise admin creating user with name 	mmanuRoleBusiness.Role.ManufacturerRoleIn OrganizationManufacturing Organisation	userinterface.AdministrativeRole.ManageUserAccountJpanel
Current Enterprise	manu
Current Organization	Manufacturing Organisation
Current Network	usa
Logged in User RoleBusiness.Role.ManufacturerRole
Logged in User RoleBusiness.Role.AdminRole
Enterprise admin creating Organization 	userinterface.AdministrativeRole.AdminWorkAreaJpanel
Enterprise admin adding Employee 	userinterface.AdministrativeRole.AdminWorkAreaJpanel
Enterprise admin adding following employee 	recomin following Organization 	Restaurant Organisation	userinterface.AdministrativeRole.ManageEmployeeJpanel
Enterprise admin adding following employee 	pecomin following Organization 	Pharma Organisation	userinterface.AdministrativeRole.ManageEmployeeJpanel
Enterprise admin adding following employee 	secomin following Organization 	Supplement Organisation	userinterface.AdministrativeRole.ManageEmployeeJpanel
Enterprise admin adding users 	userinterface.AdministrativeRole.AdminWorkAreaJpanel
Enterprise admin creating user with name 	recomRoleBusiness.Role.UserRoleIn OrganizationRestaurant Organisation	userinterface.AdministrativeRole.ManageUserAccountJpanel
Enterprise admin creating user with name 	pecomRoleBusiness.Role.PharmacistRoleIn OrganizationPharma Organisation	userinterface.AdministrativeRole.ManageUserAccountJpanel
Enterprise admin creating user with name 	secomRoleBusiness.Role.SupplementManagerRoleIn OrganizationSupplement Organisation	userinterface.AdministrativeRole.ManageUserAccountJpanel
Logged in User RoleBusiness.Role.SystemAdminRole
Logged in User RoleBusiness.Role.AdminRole
Enterprise admin creating Organization 	userinterface.AdministrativeRole.AdminWorkAreaJpanel
Enterprise admin adding Employee 	userinterface.AdministrativeRole.AdminWorkAreaJpanel
Enterprise admin adding following employee 	hconin following Organization 	Health Consultation Organisation	userinterface.AdministrativeRole.ManageEmployeeJpanel
Enterprise admin adding Employee 	userinterface.AdministrativeRole.AdminWorkAreaJpanel
Enterprise admin creating Organization 	userinterface.AdministrativeRole.AdminWorkAreaJpanel
Enterprise admin adding Employee 	userinterface.AdministrativeRole.AdminWorkAreaJpanel
Enterprise admin adding following employee 	fconin following Organization 	Fitness Consultation Organisation	userinterface.AdministrativeRole.ManageEmployeeJpanel
Enterprise admin adding following employee 	nconin following Organization 	Nutrition Consultation Organisation	userinterface.AdministrativeRole.ManageEmployeeJpanel
Enterprise admin adding users 	userinterface.AdministrativeRole.AdminWorkAreaJpanel
Enterprise admin creating user with name 	hconRoleBusiness.Role.HealthConsultantRoleIn OrganizationHealth Consultation Organisation	userinterface.AdministrativeRole.ManageUserAccountJpanel
Enterprise admin creating user with name 	fconRoleBusiness.Role.FitnessConsultantRoleIn OrganizationFitness Consultation Organisation	userinterface.AdministrativeRole.ManageUserAccountJpanel
Enterprise admin creating user with name 	nconRoleBusiness.Role.NutritionConsultantRoleIn OrganizationNutrition Consultation Organisation	userinterface.AdministrativeRole.ManageUserAccountJpanel
Logged in User RoleBusiness.Role.SystemAdminRole
Logged in User RoleBusiness.Role.AdminRole
Logged in User RoleBusiness.Role.AdminRole
Enterprise admin adding Employee 	userinterface.AdministrativeRole.AdminWorkAreaJpanel
Enterprise admin adding users 	userinterface.AdministrativeRole.AdminWorkAreaJpanel
Current Enterprise	wp
Current Organization	WellnessPlatform
Current Network	usa
Logged in User RoleBusiness.Role.UserRole
Current Enterprise	con
Current Organization	Fitness Consultation Organisation
Current Network	usa
Logged in User RoleBusiness.Role.FitnessConsultantRole
Current Enterprise	ecom
Current Organization	Supplement Organisation
Current Network	usa
Logged in User RoleBusiness.Role.SupplementManagerRole
Entering Main JFrame	userinterface.MainJFrame
Current Enterprise	ecom
Current Organization	Supplement Organisation
Current Network	usa
Logged in User RoleBusiness.Role.SupplementManagerRole
Current Enterprise	wp
Current Organization	WellnessPlatform
Current Network	usa
Logged in User RoleBusiness.Role.UserRole
Current Enterprise	con
Current Organization	Fitness Consultation Organisation
Current Network	usa
Logged in User RoleBusiness.Role.FitnessConsultantRole
Current Enterprise	ecom
Current Organization	Supplement Organisation
Current Network	usa
Logged in User RoleBusiness.Role.SupplementManagerRole
Current Enterprise	con
Current Organization	Fitness Consultation Organisation
Current Network	usa
Logged in User RoleBusiness.Role.FitnessConsultantRole
Current Enterprise	ecom
Current Organization	Supplement Organisation
Current Network	usa
Logged in User RoleBusiness.Role.SupplementManagerRole
Entering Main JFrame	userinterface.MainJFrame
Current Enterprise	ecom
Current Organization	Supplement Organisation
Current Network	usa
Logged in User RoleBusiness.Role.SupplementManagerRole
Current Enterprise	wp
Current Organization	WellnessPlatform
Current Network	usa
Logged in User RoleBusiness.Role.UserRole
Current Enterprise	con
Current Organization	Fitness Consultation Organisation
Current Network	usa
Logged in User RoleBusiness.Role.FitnessConsultantRole
Current Enterprise	ecom
Current Organization	Supplement Organisation
Current Network	usa
Logged in User RoleBusiness.Role.SupplementManagerRole
Entering Main JFrame	userinterface.MainJFrame
Current Enterprise	ecom
Current Organization	Supplement Organisation
Current Network	usa
Logged in User RoleBusiness.Role.SupplementManagerRole
Current Enterprise	wp
Current Organization	WellnessPlatform
Current Network	usa
Logged in User RoleBusiness.Role.UserRole
Current Enterprise	con
Current Organization	Fitness Consultation Organisation
Current Network	usa
Logged in User RoleBusiness.Role.FitnessConsultantRole
Current Enterprise	ecom
Current Organization	Supplement Organisation
Current Network	usa
Logged in User RoleBusiness.Role.SupplementManagerRole
Current Enterprise	wp
Current Organization	WellnessPlatform
Current Network	usa
Logged in User RoleBusiness.Role.UserRole
Current Enterprise	con
Current Organization	Health Consultation Organisation
Current Network	usa
Logged in User RoleBusiness.Role.HealthConsultantRole
Current Enterprise	ecom
Current Organization	Pharma Organisation
Current Network	usa
Logged in User RoleBusiness.Role.PharmacistRole
Entering Main JFrame	userinterface.MainJFrame
Current Enterprise	wp
Current Organization	WellnessPlatform
Current Network	usa
Logged in User RoleBusiness.Role.UserRole
Current Enterprise	ecom
Current Organization	Pharma Organisation
Current Network	usa
Logged in User RoleBusiness.Role.PharmacistRole
Entering Main JFrame	userinterface.MainJFrame
Current Enterprise	ecom
Current Organization	Pharma Organisation
Current Network	usa
Logged in User RoleBusiness.Role.PharmacistRole
Current Enterprise	con
Current Organization	Health Consultation Organisation
Current Network	usa
Logged in User RoleBusiness.Role.HealthConsultantRole
Current Enterprise	ecom
Current Organization	Pharma Organisation
Current Network	usa
Logged in User RoleBusiness.Role.PharmacistRole
Entering Main JFrame	userinterface.MainJFrame
Current Enterprise	wp
Current Organization	WellnessPlatform
Current Network	usa
Logged in User RoleBusiness.Role.UserRole
Current Enterprise	con
Current Organization	Health Consultation Organisation
Current Network	usa
Logged in User RoleBusiness.Role.HealthConsultantRole
Current Enterprise	con
Current Organization	Health Consultation Organisation
Current Network	usa
Logged in User RoleBusiness.Role.HealthConsultantRole
Current Enterprise	ecom
Current Organization	Pharma Organisation
Current Network	usa
Logged in User RoleBusiness.Role.PharmacistRole
Invalid credentials for user
Current Enterprise	con
Current Organization	Fitness Consultation Organisation
Current Network	usa
Logged in User RoleBusiness.Role.FitnessConsultantRole
Current Enterprise	ecom
Current Organization	Supplement Organisation
Current Network	usa
Logged in User RoleBusiness.Role.SupplementManagerRole
Current Enterprise	wp
Current Organization	WellnessPlatform
Current Network	usa
Logged in User RoleBusiness.Role.UserRole
Current Enterprise	con
Current Organization	Health Consultation Organisation
Current Network	usa
Logged in User RoleBusiness.Role.HealthConsultantRole
Current Enterprise	con
Current Organization	Fitness Consultation Organisation
Current Network	usa
Logged in User RoleBusiness.Role.FitnessConsultantRole
Current Enterprise	ecom
Current Organization	Pharma Organisation
Current Network	usa
Logged in User RoleBusiness.Role.PharmacistRole
Current Enterprise	ecom
Current Organization	Supplement Organisation
Current Network	usa
Logged in User RoleBusiness.Role.SupplementManagerRole
Entering Main JFrame	userinterface.MainJFrame
Current Enterprise	ecom
Current Organization	Pharma Organisation
Current Network	usa
Logged in User RoleBusiness.Role.PharmacistRole
Current Enterprise	ecom
Current Organization	Supplement Organisation
Current Network	usa
Logged in User RoleBusiness.Role.SupplementManagerRole
